2026/02/20 17:54:50 Database connected successfully
[GIN-debug] [WARNING] Creating an Engine instance with the Logger and Recovery middleware already attached.

[GIN-debug] [WARNING] Running in "debug" mode. Switch to "release" mode in production.
 - using env:	export GIN_MODE=release
 - using code:	gin.SetMode(gin.ReleaseMode)

[GIN-debug] GET    /uploads/*filepath        --> github.com/gin-gonic/gin.(*RouterGroup).createStaticHandler.func1 (4 handlers)
[GIN-debug] HEAD   /uploads/*filepath        --> github.com/gin-gonic/gin.(*RouterGroup).createStaticHandler.func1 (4 handlers)
[GIN-debug] POST   /api/auth/signup          --> hotel-story-panel/backend/internal/handlers.Signup (4 handlers)
[GIN-debug] POST   /api/auth/login           --> hotel-story-panel/backend/internal/handlers.Login (4 handlers)
[GIN-debug] GET    /api/public/stories/:city_slug --> hotel-story-panel/backend/internal/handlers.GetPublicStories (4 handlers)
[GIN-debug] POST   /api/public/stories/open/:id --> hotel-story-panel/backend/internal/handlers.IncrementSlideOpen (4 handlers)
[GIN-debug] GET    /api/admin/story-groups   --> hotel-story-panel/backend/internal/handlers.GetGroups (5 handlers)
[GIN-debug] GET    /api/admin/story-groups/:id --> hotel-story-panel/backend/internal/handlers.GetGroup (5 handlers)
[GIN-debug] POST   /api/admin/story-groups   --> hotel-story-panel/backend/internal/handlers.CreateGroup (5 handlers)
[GIN-debug] PUT    /api/admin/story-groups/:id --> hotel-story-panel/backend/internal/handlers.UpdateGroup (5 handlers)
[GIN-debug] DELETE /api/admin/story-groups/:id --> hotel-story-panel/backend/internal/handlers.DeleteGroup (5 handlers)
[GIN-debug] POST   /api/admin/story-groups/:id/stories --> hotel-story-panel/backend/internal/handlers.AddSlide (5 handlers)
[GIN-debug] PATCH  /api/admin/story-groups/:id/status --> hotel-story-panel/backend/internal/handlers.ToggleGroupStatus (5 handlers)
[GIN-debug] DELETE /api/admin/stories/:id    --> hotel-story-panel/backend/internal/handlers.DeleteSlide (5 handlers)
[GIN-debug] PUT    /api/admin/stories/:id    --> hotel-story-panel/backend/internal/handlers.UpdateSlide (5 handlers)
[GIN-debug] POST   /api/admin/upload         --> hotel-story-panel/backend/internal/handlers.UploadImage (5 handlers)
2026/02/20 17:54:50 Server running on :8080
[GIN-debug] [WARNING] You trusted all proxies, this is NOT safe. We recommend you to set a value.
Please check https://github.com/gin-gonic/gin/blob/master/docs/doc.md#dont-trust-all-proxies for details.
[GIN-debug] Listening and serving HTTP on :8080
[GIN] 2026/02/20 - 17:56:41 | 204 |     1.69525ms |             ::1 | OPTIONS  "/api/admin/upload"
[GIN] 2026/02/20 - 17:56:41 | 200 |   29.159791ms |             ::1 | POST     "/api/admin/upload"
[GIN] 2026/02/20 - 17:56:42 | 200 |   18.838542ms |             ::1 | GET      "/uploads/1771597601983343000_receipt-1771152745899.png"
[GIN] 2026/02/20 - 17:56:43 | 204 |      15.584µs |             ::1 | OPTIONS  "/api/admin/story-groups"
[GIN] 2026/02/20 - 17:56:44 | 201 |   79.672709ms |             ::1 | POST     "/api/admin/story-groups"
[GIN] 2026/02/20 - 17:56:46 | 204 |      14.167µs |             ::1 | OPTIONS  "/api/admin/story-groups/16"
[GIN] 2026/02/20 - 17:56:46 | 204 |    1.118083ms |             ::1 | OPTIONS  "/api/admin/story-groups/16"
[GIN] 2026/02/20 - 17:56:46 | 200 |  608.760334ms |             ::1 | GET      "/api/admin/story-groups/16"
[GIN] 2026/02/20 - 17:56:46 | 200 |     839.042µs |             ::1 | GET      "/api/admin/story-groups/16"
[GIN] 2026/02/20 - 17:57:05 | 204 |      58.458µs |             ::1 | OPTIONS  "/api/admin/story-groups/16/stories"
[GIN] 2026/02/20 - 17:57:05 | 201 |   10.966042ms |             ::1 | POST     "/api/admin/story-groups/16/stories"
[GIN] 2026/02/20 - 17:57:05 | 204 |       6.792µs |             ::1 | OPTIONS  "/api/admin/story-groups/16"
[GIN] 2026/02/20 - 17:57:05 | 204 |       3.375µs |             ::1 | OPTIONS  "/api/admin/story-groups/16"
[GIN] 2026/02/20 - 17:57:05 | 200 |    4.565083ms |             ::1 | GET      "/api/admin/story-groups/16"
[GIN] 2026/02/20 - 17:57:05 | 200 |     818.542µs |             ::1 | GET      "/api/admin/story-groups/16"
[GIN] 2026/02/20 - 17:57:07 | 204 |      35.708µs |             ::1 | OPTIONS  "/api/admin/story-groups"
[GIN] 2026/02/20 - 17:57:07 | 204 |       8.417µs |             ::1 | OPTIONS  "/api/admin/story-groups"
[GIN] 2026/02/20 - 17:57:07 | 200 |  147.568083ms |             ::1 | GET      "/api/admin/story-groups"
[GIN] 2026/02/20 - 17:57:07 | 200 |     569.166µs |             ::1 | GET      "/api/admin/story-groups"
[GIN] 2026/02/20 - 17:57:20 | 204 |      13.917µs |             ::1 | OPTIONS  "/api/public/stories/قزوین"
[GIN] 2026/02/20 - 17:57:20 | 204 |       3.208µs |             ::1 | OPTIONS  "/api/public/stories/قزوین"
DEBUG: GetPublicStories for city: قزوین
DEBUG: Found 0 groups for city: قزوین
[GIN] 2026/02/20 - 17:57:20 | 200 |   61.984625ms |             ::1 | GET      "/api/public/stories/قزوین"
DEBUG: GetPublicStories for city: قزوین
DEBUG: Found 0 groups for city: قزوین
[GIN] 2026/02/20 - 17:57:20 | 200 |    1.144083ms |             ::1 | GET      "/api/public/stories/قزوین"
[GIN] 2026/02/20 - 17:57:26 | 204 |      16.292µs |             ::1 | OPTIONS  "/api/admin/story-groups/16/status"
[GIN] 2026/02/20 - 17:57:26 | 200 |   20.360333ms |             ::1 | PATCH    "/api/admin/story-groups/16/status"
[GIN] 2026/02/20 - 17:57:29 | 204 |       5.292µs |             ::1 | OPTIONS  "/api/public/stories/قزوین"
DEBUG: GetPublicStories for city: قزوین
DEBUG: Found 1 groups for city: قزوین
DEBUG: Group ID 16 has 1 slides
[GIN] 2026/02/20 - 17:57:29 | 200 |   71.958125ms |             ::1 | GET      "/api/public/stories/قزوین"
[GIN] 2026/02/20 - 17:57:29 | 304 |    1.166583ms |             ::1 | GET      "/uploads/1771597601983343000_receipt-1771152745899.png"
[GIN] 2026/02/20 - 17:57:30 | 200 |       7.417µs |             ::1 | POST     "/api/public/stories/open/25"
[GIN] 2026/02/20 - 17:57:30 | 200 |       8.666µs |             ::1 | POST     "/api/public/stories/open/25"
[GIN] 2026/02/20 - 18:00:06 | 204 |      15.333µs |             ::1 | OPTIONS  "/api/admin/story-groups"
[GIN] 2026/02/20 - 18:00:06 | 204 |    6.365834ms |             ::1 | OPTIONS  "/api/admin/story-groups"
[GIN] 2026/02/20 - 18:00:06 | 200 |  430.937042ms |             ::1 | GET      "/api/admin/story-groups"
[GIN] 2026/02/20 - 18:00:06 | 200 |   11.360875ms |             ::1 | GET      "/api/admin/story-groups"
[GIN] 2026/02/20 - 18:00:21 | 204 |      32.042µs |             ::1 | OPTIONS  "/api/admin/stats"
[GIN] 2026/02/20 - 18:00:21 | 404 |      15.625µs |             ::1 | GET      "/api/admin/stats"
[GIN] 2026/02/20 - 18:00:21 | 204 |       6.792µs |             ::1 | OPTIONS  "/api/admin/stats"
[GIN] 2026/02/20 - 18:00:21 | 404 |        8.25µs |             ::1 | GET      "/api/admin/stats"
[GIN] 2026/02/20 - 18:05:24 | 204 |    8.708208ms |             ::1 | OPTIONS  "/api/admin/stats"
[GIN] 2026/02/20 - 18:05:24 | 204 |    8.692459ms |             ::1 | OPTIONS  "/api/admin/stats"
[GIN] 2026/02/20 - 18:05:24 | 404 |       1.166µs |             ::1 | GET      "/api/admin/stats"
[GIN] 2026/02/20 - 18:05:24 | 404 |         875ns |             ::1 | GET      "/api/admin/stats"
[GIN] 2026/02/20 - 18:05:28 | 204 |     349.417µs |             ::1 | OPTIONS  "/api/admin/story-groups"
[GIN] 2026/02/20 - 18:05:28 | 204 |       25.75µs |             ::1 | OPTIONS  "/api/admin/story-groups"
[GIN] 2026/02/20 - 18:05:29 | 200 |  294.973583ms |             ::1 | GET      "/api/admin/story-groups"
[GIN] 2026/02/20 - 18:05:29 | 200 |     484.708µs |             ::1 | GET      "/api/admin/story-groups"
[GIN] 2026/02/20 - 18:05:40 | 204 |     448.667µs |             ::1 | OPTIONS  "/api/admin/stats"
[GIN] 2026/02/20 - 18:05:40 | 204 |     447.208µs |             ::1 | OPTIONS  "/api/admin/stats"
[GIN] 2026/02/20 - 18:05:40 | 404 |       2.084µs |             ::1 | GET      "/api/admin/stats"
[GIN] 2026/02/20 - 18:05:40 | 404 |         875ns |             ::1 | GET      "/api/admin/stats"
[GIN] 2026/02/20 - 18:06:45 | 204 |    1.121667ms |             ::1 | OPTIONS  "/api/admin/stats"
[GIN] 2026/02/20 - 18:06:45 | 204 |       3.625µs |             ::1 | OPTIONS  "/api/admin/stats"
[GIN] 2026/02/20 - 18:06:45 | 404 |       2.084µs |             ::1 | GET      "/api/admin/stats"
[GIN] 2026/02/20 - 18:06:45 | 404 |       6.125µs |             ::1 | GET      "/api/admin/stats"
[GIN] 2026/02/20 - 18:06:46 | 404 |       36.75µs |             ::1 | GET      "/api/admin/stats"
[GIN] 2026/02/20 - 18:06:47 | 404 |       3.375µs |             ::1 | GET      "/api/admin/stats"
[GIN] 2026/02/20 - 18:06:51 | 204 |       5.709µs |             ::1 | OPTIONS  "/api/admin/stats"
[GIN] 2026/02/20 - 18:06:51 | 204 |      13.291µs |             ::1 | OPTIONS  "/api/admin/stats"
[GIN] 2026/02/20 - 18:06:51 | 404 |        2.75µs |             ::1 | GET      "/api/admin/stats"
[GIN] 2026/02/20 - 18:06:51 | 404 |       1.458µs |             ::1 | GET      "/api/admin/stats"
[GIN] 2026/02/20 - 18:07:10 | 204 |    1.918458ms |             ::1 | OPTIONS  "/api/admin/story-groups"
[GIN] 2026/02/20 - 18:07:10 | 204 |    1.902791ms |             ::1 | OPTIONS  "/api/admin/story-groups"
[GIN] 2026/02/20 - 18:07:10 | 200 |  309.157875ms |             ::1 | GET      "/api/admin/story-groups"
[GIN] 2026/02/20 - 18:07:10 | 200 |    1.909084ms |             ::1 | GET      "/api/admin/story-groups"
[GIN] 2026/02/20 - 18:07:33 | 204 |    5.848125ms |             ::1 | OPTIONS  "/api/admin/story-groups"
[GIN] 2026/02/20 - 18:07:33 | 204 |    5.854042ms |             ::1 | OPTIONS  "/api/admin/story-groups"
[GIN] 2026/02/20 - 18:07:34 | 200 |  758.450334ms |             ::1 | GET      "/api/admin/story-groups"
[GIN] 2026/02/20 - 18:07:34 | 200 |    4.255708ms |             ::1 | GET      "/api/admin/story-groups"
[GIN] 2026/02/20 - 18:07:34 | 304 |    7.507334ms |             ::1 | GET      "/uploads/1771597601983343000_receipt-1771152745899.png"
[GIN] 2026/02/20 - 18:10:35 | 204 |    3.695417ms |             ::1 | OPTIONS  "/api/admin/stats"
[GIN] 2026/02/20 - 18:10:35 | 204 |     3.14275ms |             ::1 | OPTIONS  "/api/admin/stats"
[GIN] 2026/02/20 - 18:10:35 | 404 |       6.167µs |             ::1 | GET      "/api/admin/stats"
[GIN] 2026/02/20 - 18:10:35 | 404 |         1.5µs |             ::1 | GET      "/api/admin/stats"
[GIN] 2026/02/20 - 18:10:36 | 204 |      13.042µs |             ::1 | OPTIONS  "/api/admin/story-groups"
[GIN] 2026/02/20 - 18:10:36 | 204 |       5.791µs |             ::1 | OPTIONS  "/api/admin/story-groups"
[GIN] 2026/02/20 - 18:10:36 | 200 |   52.876042ms |             ::1 | GET      "/api/admin/story-groups"
[GIN] 2026/02/20 - 18:10:36 | 200 |    1.071916ms |             ::1 | GET      "/api/admin/story-groups"
[GIN] 2026/02/20 - 18:10:37 | 404 |       2.792µs |             ::1 | GET      "/api/admin/stats"
[GIN] 2026/02/20 - 18:10:37 | 404 |       2.959µs |             ::1 | GET      "/api/admin/stats"
[GIN] 2026/02/20 - 20:19:37 | 204 |   17.968875ms |             ::1 | OPTIONS  "/api/admin/story-groups"
[GIN] 2026/02/20 - 20:19:37 | 204 |   15.372208ms |             ::1 | OPTIONS  "/api/admin/story-groups"
[GIN] 2026/02/20 - 20:19:38 | 200 |   77.544459ms |             ::1 | GET      "/api/admin/story-groups"
[GIN] 2026/02/20 - 20:19:38 | 200 |    5.765042ms |             ::1 | GET      "/api/admin/story-groups"
[GIN] 2026/02/20 - 20:19:38 | 304 |    8.539542ms |             ::1 | GET      "/uploads/1771597601983343000_receipt-1771152745899.png"
[GIN] 2026/02/20 - 20:19:40 | 204 |        23.5µs |             ::1 | OPTIONS  "/api/admin/stats"
[GIN] 2026/02/20 - 20:19:40 | 204 |       4.667µs |             ::1 | OPTIONS  "/api/admin/stats"
[GIN] 2026/02/20 - 20:19:40 | 404 |       2.458µs |             ::1 | GET      "/api/admin/stats"
[GIN] 2026/02/20 - 20:19:40 | 404 |       1.917µs |             ::1 | GET      "/api/admin/stats"
[GIN] 2026/02/20 - 20:19:49 | 204 |      11.709µs |             ::1 | OPTIONS  "/api/admin/story-groups"
[GIN] 2026/02/20 - 20:19:49 | 204 |      19.916µs |             ::1 | OPTIONS  "/api/admin/story-groups"
[GIN] 2026/02/20 - 20:19:49 | 200 |    5.845875ms |             ::1 | GET      "/api/admin/story-groups"
[GIN] 2026/02/20 - 20:19:49 | 200 |    2.666167ms |             ::1 | GET      "/api/admin/story-groups"
[GIN] 2026/02/20 - 20:19:50 | 204 |       32.75µs |             ::1 | OPTIONS  "/api/admin/stats"
[GIN] 2026/02/20 - 20:19:50 | 204 |       4.709µs |             ::1 | OPTIONS  "/api/admin/stats"
[GIN] 2026/02/20 - 20:19:50 | 404 |       9.833µs |             ::1 | GET      "/api/admin/stats"
[GIN] 2026/02/20 - 20:19:50 | 404 |       1.542µs |             ::1 | GET      "/api/admin/stats"
[GIN] 2026/02/20 - 20:19:51 | 200 |       2.203ms |             ::1 | GET      "/api/admin/story-groups"
[GIN] 2026/02/20 - 20:19:51 | 200 |    1.415708ms |             ::1 | GET      "/api/admin/story-groups"
[GIN] 2026/02/20 - 20:20:11 | 204 |      33.292µs |             ::1 | OPTIONS  "/api/admin/stats"
[GIN] 2026/02/20 - 20:20:11 | 204 |        7.25µs |             ::1 | OPTIONS  "/api/admin/stats"
[GIN] 2026/02/20 - 20:20:11 | 404 |       3.958µs |             ::1 | GET      "/api/admin/stats"
[GIN] 2026/02/20 - 20:20:11 | 404 |       1.833µs |             ::1 | GET      "/api/admin/stats"
[GIN] 2026/02/20 - 20:23:49 | 204 |   15.289708ms |             ::1 | OPTIONS  "/api/admin/stats"
[GIN] 2026/02/20 - 20:23:49 | 204 |   15.275167ms |             ::1 | OPTIONS  "/api/admin/stats"
[GIN] 2026/02/20 - 20:23:49 | 404 |       2.584µs |             ::1 | GET      "/api/admin/stats"
[GIN] 2026/02/20 - 20:23:49 | 404 |       1.833µs |             ::1 | GET      "/api/admin/stats"
[GIN] 2026/02/20 - 20:26:44 | 204 |    4.064208ms |             ::1 | OPTIONS  "/api/admin/stats"
[GIN] 2026/02/20 - 20:26:44 | 204 |    5.013917ms |             ::1 | OPTIONS  "/api/admin/stats"
[GIN] 2026/02/20 - 20:26:44 | 404 |       2.583µs |             ::1 | GET      "/api/admin/stats"
[GIN] 2026/02/20 - 20:26:44 | 404 |     673.541µs |             ::1 | GET      "/api/admin/stats"
[GIN] 2026/02/20 - 20:26:46 | 404 |     171.041µs |             ::1 | GET      "/api/admin/stats"
[GIN] 2026/02/20 - 20:26:46 | 404 |       9.333µs |             ::1 | GET      "/api/admin/stats"
[GIN] 2026/02/20 - 20:28:02 | 204 |       8.042µs |             ::1 | OPTIONS  "/api/admin/stats"
[GIN] 2026/02/20 - 20:28:02 | 204 |    2.000084ms |             ::1 | OPTIONS  "/api/admin/stats"
[GIN] 2026/02/20 - 20:28:02 | 404 |       2.917µs |             ::1 | GET      "/api/admin/stats"
[GIN] 2026/02/20 - 20:28:02 | 404 |      10.333µs |             ::1 | GET      "/api/admin/stats"
[GIN] 2026/02/20 - 20:28:15 | 204 |     619.292µs |             ::1 | OPTIONS  "/api/admin/stats"
[GIN] 2026/02/20 - 20:28:15 | 204 |     569.209µs |             ::1 | OPTIONS  "/api/admin/stats"
[GIN] 2026/02/20 - 20:28:15 | 404 |        2.25µs |             ::1 | GET      "/api/admin/stats"
[GIN] 2026/02/20 - 20:28:15 | 404 |      43.708µs |             ::1 | GET      "/api/admin/stats"
[GIN] 2026/02/20 - 20:28:17 | 204 |      22.375µs |             ::1 | OPTIONS  "/api/admin/stats"
[GIN] 2026/02/20 - 20:28:17 | 204 |      11.416µs |             ::1 | OPTIONS  "/api/admin/stats"
[GIN] 2026/02/20 - 20:28:17 | 404 |       4.083µs |             ::1 | GET      "/api/admin/stats"
[GIN] 2026/02/20 - 20:28:17 | 404 |       1.458µs |             ::1 | GET      "/api/admin/stats"
[GIN] 2026/02/20 - 20:28:20 | 204 |      13.459µs |             ::1 | OPTIONS  "/api/admin/story-groups"
[GIN] 2026/02/20 - 20:28:20 | 204 |      15.083µs |             ::1 | OPTIONS  "/api/admin/story-groups"
[GIN] 2026/02/20 - 20:28:21 | 200 |   69.324333ms |             ::1 | GET      "/api/admin/story-groups"
[GIN] 2026/02/20 - 20:28:21 | 200 |     868.125µs |             ::1 | GET      "/api/admin/story-groups"
[GIN] 2026/02/20 - 20:28:29 | 204 |      27.125µs |             ::1 | OPTIONS  "/api/admin/stats"
[GIN] 2026/02/20 - 20:28:29 | 204 |       8.667µs |             ::1 | OPTIONS  "/api/admin/stats"
[GIN] 2026/02/20 - 20:28:29 | 404 |       3.667µs |             ::1 | GET      "/api/admin/stats"
[GIN] 2026/02/20 - 20:28:29 | 404 |       1.959µs |             ::1 | GET      "/api/admin/stats"
[GIN] 2026/02/20 - 20:28:32 | 204 |       15.25µs |             ::1 | OPTIONS  "/api/admin/story-groups"
[GIN] 2026/02/20 - 20:28:32 | 204 |       7.959µs |             ::1 | OPTIONS  "/api/admin/story-groups"
[GIN] 2026/02/20 - 20:28:32 | 200 |    5.521042ms |             ::1 | GET      "/api/admin/story-groups"
[GIN] 2026/02/20 - 20:28:32 | 200 |    1.065583ms |             ::1 | GET      "/api/admin/story-groups"
[GIN] 2026/02/20 - 20:28:33 | 404 |      20.333µs |             ::1 | GET      "/api/admin/stats"
[GIN] 2026/02/20 - 20:28:33 | 404 |        9.25µs |             ::1 | GET      "/api/admin/stats"
[GIN] 2026/02/20 - 20:31:41 | 204 |    2.580541ms |             ::1 | OPTIONS  "/api/admin/stats"
[GIN] 2026/02/20 - 20:31:41 | 204 |    2.563083ms |             ::1 | OPTIONS  "/api/admin/stats"
[GIN] 2026/02/20 - 20:31:41 | 404 |       5.875µs |             ::1 | GET      "/api/admin/stats"
[GIN] 2026/02/20 - 20:31:41 | 404 |       4.792µs |             ::1 | GET      "/api/admin/stats"
[GIN] 2026/02/20 - 20:31:44 | 204 |      25.167µs |             ::1 | OPTIONS  "/api/admin/story-groups"
[GIN] 2026/02/20 - 20:31:44 | 204 |       2.625µs |             ::1 | OPTIONS  "/api/admin/story-groups"
[GIN] 2026/02/20 - 20:31:44 | 200 |   54.908834ms |             ::1 | GET      "/api/admin/story-groups"
[GIN] 2026/02/20 - 20:31:44 | 200 |     872.334µs |             ::1 | GET      "/api/admin/story-groups"
[GIN] 2026/02/20 - 20:31:54 | 204 |      41.916µs |             ::1 | OPTIONS  "/api/admin/story-groups/16"
[GIN] 2026/02/20 - 20:31:54 | 204 |      34.875µs |             ::1 | OPTIONS  "/api/admin/story-groups/16"
[GIN] 2026/02/20 - 20:31:54 | 200 |  580.670666ms |             ::1 | GET      "/api/admin/story-groups/16"
[GIN] 2026/02/20 - 20:31:54 | 200 |      2.0445ms |             ::1 | GET      "/api/admin/story-groups/16"
[GIN] 2026/02/20 - 20:31:59 | 204 |      29.333µs |             ::1 | OPTIONS  "/api/admin/stats"
[GIN] 2026/02/20 - 20:31:59 | 204 |       7.583µs |             ::1 | OPTIONS  "/api/admin/stats"
[GIN] 2026/02/20 - 20:31:59 | 404 |       2.709µs |             ::1 | GET      "/api/admin/stats"
[GIN] 2026/02/20 - 20:31:59 | 404 |         2.5µs |             ::1 | GET      "/api/admin/stats"
[GIN] 2026/02/20 - 20:32:12 | 204 |     406.042µs |             ::1 | OPTIONS  "/api/public/stories/تهران"
[GIN] 2026/02/20 - 20:32:12 | 204 |       6.625µs |             ::1 | OPTIONS  "/api/public/stories/تهران"
DEBUG: GetPublicStories for city: تهران
DEBUG: Found 0 groups for city: تهران
[GIN] 2026/02/20 - 20:32:12 | 200 |  400.469958ms |             ::1 | GET      "/api/public/stories/تهران"
DEBUG: GetPublicStories for city: تهران
DEBUG: Found 0 groups for city: تهران
[GIN] 2026/02/20 - 20:32:12 | 200 |     361.875µs |             ::1 | GET      "/api/public/stories/تهران"
[GIN] 2026/02/20 - 20:32:15 | 204 |      29.334µs |             ::1 | OPTIONS  "/api/admin/story-groups"
[GIN] 2026/02/20 - 20:32:15 | 204 |        36.5µs |             ::1 | OPTIONS  "/api/admin/story-groups"
[GIN] 2026/02/20 - 20:32:15 | 200 |    7.678583ms |             ::1 | GET      "/api/admin/story-groups"
[GIN] 2026/02/20 - 20:32:15 | 200 |     731.125µs |             ::1 | GET      "/api/admin/story-groups"
[GIN] 2026/02/20 - 20:32:46 | 204 |     174.208µs |             ::1 | OPTIONS  "/api/admin/upload"
[GIN] 2026/02/20 - 20:32:46 | 200 |   41.995042ms |             ::1 | POST     "/api/admin/upload"
[GIN] 2026/02/20 - 20:32:46 | 200 |      6.0945ms |             ::1 | GET      "/uploads/1771606966052897000_Gemini_Generated_Image_vhatf0vhatf0vhat.png"
[GIN] 2026/02/20 - 20:32:47 | 204 |       4.291µs |             ::1 | OPTIONS  "/api/admin/story-groups"
[GIN] 2026/02/20 - 20:32:47 | 201 |     47.5655ms |             ::1 | POST     "/api/admin/story-groups"
[GIN] 2026/02/20 - 20:32:47 | 200 |    1.374666ms |             ::1 | GET      "/api/admin/story-groups"
[GIN] 2026/02/20 - 20:32:59 | 204 |       48.25µs |             ::1 | OPTIONS  "/api/admin/story-groups/17"
[GIN] 2026/02/20 - 20:32:59 | 204 |      19.709µs |             ::1 | OPTIONS  "/api/admin/story-groups/17"
[GIN] 2026/02/20 - 20:32:59 | 200 |   20.269666ms |             ::1 | GET      "/api/admin/story-groups/17"
[GIN] 2026/02/20 - 20:32:59 | 200 |    1.994583ms |             ::1 | GET      "/api/admin/story-groups/17"
[GIN] 2026/02/20 - 20:33:13 | 204 |      40.125µs |             ::1 | OPTIONS  "/api/admin/story-groups/17/stories"
[GIN] 2026/02/20 - 20:33:13 | 201 |   21.498708ms |             ::1 | POST     "/api/admin/story-groups/17/stories"
[GIN] 2026/02/20 - 20:33:14 | 204 |       7.833µs |             ::1 | OPTIONS  "/api/admin/story-groups/17"
[GIN] 2026/02/20 - 20:33:14 | 204 |       6.209µs |             ::1 | OPTIONS  "/api/admin/story-groups/17"
[GIN] 2026/02/20 - 20:33:14 | 200 |    3.690708ms |             ::1 | GET      "/api/admin/story-groups/17"
[GIN] 2026/02/20 - 20:33:14 | 200 |    3.551334ms |             ::1 | GET      "/api/admin/story-groups/17"
[GIN] 2026/02/20 - 20:33:14 | 200 |    1.825333ms |             ::1 | GET      "/uploads/1771606993933326000_story.jpg"
[GIN] 2026/02/20 - 20:33:25 | 204 |       14.25µs |             ::1 | OPTIONS  "/api/admin/story-groups/17/stories"
[GIN] 2026/02/20 - 20:33:25 | 201 |   34.118667ms |             ::1 | POST     "/api/admin/story-groups/17/stories"
[GIN] 2026/02/20 - 20:33:25 | 204 |      12.292µs |             ::1 | OPTIONS  "/api/admin/story-groups/17"
[GIN] 2026/02/20 - 20:33:25 | 200 |    2.206417ms |             ::1 | GET      "/api/admin/story-groups/17"
[GIN] 2026/02/20 - 20:33:26 | 200 |     860.125µs |             ::1 | GET      "/uploads/1771607005043907000_story.jpg"
[GIN] 2026/02/20 - 20:33:30 | 204 |       12.75µs |             ::1 | OPTIONS  "/api/admin/story-groups/17"
[GIN] 2026/02/20 - 20:33:30 | 204 |      23.291µs |             ::1 | OPTIONS  "/api/admin/story-groups/17"
[GIN] 2026/02/20 - 20:33:30 | 304 |      885.75µs |             ::1 | GET      "/uploads/1771607005043907000_story.jpg"
[GIN] 2026/02/20 - 20:33:30 | 304 |    4.966292ms |             ::1 | GET      "/uploads/1771606993933326000_story.jpg"
[GIN] 2026/02/20 - 20:33:33 | 204 |      28.291µs |             ::1 | OPTIONS  "/api/admin/stats"
[GIN] 2026/02/20 - 20:33:33 | 204 |        3.75µs |             ::1 | OPTIONS  "/api/admin/stats"
[GIN] 2026/02/20 - 20:33:33 | 404 |      44.291µs |             ::1 | GET      "/api/admin/stats"
[GIN] 2026/02/20 - 20:33:33 | 404 |       2.334µs |             ::1 | GET      "/api/admin/stats"
[GIN] 2026/02/20 - 20:33:34 | 204 |       4.875µs |             ::1 | OPTIONS  "/api/admin/story-groups"
[GIN] 2026/02/20 - 20:33:34 | 204 |       3.917µs |             ::1 | OPTIONS  "/api/admin/story-groups"
[GIN] 2026/02/20 - 20:33:34 | 200 |   21.501292ms |             ::1 | GET      "/api/admin/story-groups"
[GIN] 2026/02/20 - 20:33:34 | 200 |    1.751459ms |             ::1 | GET      "/api/admin/story-groups"
[GIN] 2026/02/20 - 20:33:34 | 304 |     172.667µs |             ::1 | GET      "/uploads/1771606966052897000_Gemini_Generated_Image_vhatf0vhatf0vhat.png"
[GIN] 2026/02/20 - 20:33:38 | 204 |      48.833µs |             ::1 | OPTIONS  "/api/admin/story-groups/17/status"
[GIN] 2026/02/20 - 20:33:38 | 400 |    8.931166ms |             ::1 | PATCH    "/api/admin/story-groups/17/status"
[GIN] 2026/02/20 - 20:33:40 | 400 |     138.958µs |             ::1 | PATCH    "/api/admin/story-groups/17/status"
[GIN] 2026/02/20 - 20:33:40 | 400 |     168.042µs |             ::1 | PATCH    "/api/admin/story-groups/17/status"
[GIN] 2026/02/20 - 20:33:41 | 400 |     197.292µs |             ::1 | PATCH    "/api/admin/story-groups/17/status"
[GIN] 2026/02/20 - 20:33:41 | 400 |      99.584µs |             ::1 | PATCH    "/api/admin/story-groups/17/status"
[GIN] 2026/02/20 - 20:33:41 | 400 |     227.541µs |             ::1 | PATCH    "/api/admin/story-groups/17/status"
[GIN] 2026/02/20 - 20:33:46 | 204 |       5.333µs |             ::1 | OPTIONS  "/api/admin/story-groups"
[GIN] 2026/02/20 - 20:33:46 | 204 |       8.916µs |             ::1 | OPTIONS  "/api/admin/story-groups"
[GIN] 2026/02/20 - 20:33:46 | 200 |    1.861083ms |             ::1 | GET      "/api/admin/story-groups"
[GIN] 2026/02/20 - 20:33:46 | 200 |     342.709µs |             ::1 | GET      "/api/admin/story-groups"
[GIN] 2026/02/20 - 20:33:46 | 304 |      88.375µs |             ::1 | GET      "/uploads/1771606966052897000_Gemini_Generated_Image_vhatf0vhatf0vhat.png"
[GIN] 2026/02/20 - 20:33:48 | 204 |      39.417µs |             ::1 | OPTIONS  "/api/admin/story-groups/17/status"
[GIN] 2026/02/20 - 20:33:48 | 400 |     267.458µs |             ::1 | PATCH    "/api/admin/story-groups/17/status"
[GIN] 2026/02/20 - 20:33:49 | 400 |     621.959µs |             ::1 | PATCH    "/api/admin/story-groups/17/status"
[GIN] 2026/02/20 - 20:33:49 | 400 |      149.75µs |             ::1 | PATCH    "/api/admin/story-groups/17/status"
[GIN] 2026/02/20 - 20:33:49 | 400 |          47µs |             ::1 | PATCH    "/api/admin/story-groups/17/status"
[GIN] 2026/02/20 - 20:34:03 | 204 |      19.416µs |             ::1 | OPTIONS  "/api/public/stories/قزوین"
[GIN] 2026/02/20 - 20:34:03 | 204 |       5.958µs |             ::1 | OPTIONS  "/api/public/stories/قزوین"
DEBUG: GetPublicStories for city: قزوین
DEBUG: Found 1 groups for city: قزوین
DEBUG: Group ID 16 has 1 slides
[GIN] 2026/02/20 - 20:34:03 | 200 |   21.767875ms |             ::1 | GET      "/api/public/stories/قزوین"
DEBUG: GetPublicStories for city: قزوین
[GIN] 2026/02/20 - 20:34:03 | 304 |     152.459µs |             ::1 | GET      "/uploads/1771597601983343000_receipt-1771152745899.png"
DEBUG: Found 1 groups for city: قزوین
DEBUG: Group ID 16 has 1 slides
[GIN] 2026/02/20 - 20:34:04 | 200 |  176.234708ms |             ::1 | GET      "/api/public/stories/قزوین"
[GIN] 2026/02/20 - 20:34:05 | 200 |      10.916µs |             ::1 | POST     "/api/public/stories/open/25"
[GIN] 2026/02/20 - 20:34:05 | 200 |        4.25µs |             ::1 | POST     "/api/public/stories/open/25"
